Programma Robotic-Home del gruppo ~BankAccount()

[0:00] L'orario attuale è 0:00
[0:00] Attualmente il sistema ha prodotto 0.000000 kWh e consumato 0.000000 kWh. Nello specifico:
 - il dispositivo Asciugatrice ha consumato 0.000000 kWh
 - il dispositivo Forno_a_microonde ha consumato 0.000000 kWh
 - il dispositivo Frigorifero ha consumato 0.000000 kWh
 - il dispositivo Impianto_fotovoltaico ha consumato 0.000000 kWh
 - il dispositivo Lavastoviglie ha consumato 0.000000 kWh
 - il dispositivo Lavatrice ha consumato 0.000000 kWh
 - il dispositivo Pompa_di_calore_+_termostato ha consumato 0.000000 kWh
 - il dispositivo Scaldabagno ha consumato 0.000000 kWh
 - il dispositivo Tapparelle_elettriche ha consumato 0.000000 kWh
 - il dispositivo Televisore ha consumato 0.000000 kWh

[0:00] L'orario attuale è 0:00
[0:00] Impostato un timer per il dispositivo Impianto_fotovoltaico dalle 6:00 alle 12:00

[0:00] L'orario attuale è 0:00
[0:00] Impostato un timer per il dispositivo Pompa_di_calore_+_termostato dalle 1:20 alle 7:20

[0:00] L'orario attuale è 0:00
[1:20] Il dispositivo Pompa_di_calore_+_termostato si è acceso
[6:00] Il dispositivo Impianto_fotovoltaico si è acceso

[6:00] L'orario attuale è 6:00
[6:00] Attualmente il sistema ha prodotto 0.000000 kWh e consumato 9.333333 kWh. Nello specifico:
 - il dispositivo Asciugatrice ha consumato 0.000000 kWh
 - il dispositivo Forno_a_microonde ha consumato 0.000000 kWh
 - il dispositivo Frigorifero ha consumato 0.000000 kWh
 - il dispositivo Impianto_fotovoltaico ha consumato 0.000000 kWh
 - il dispositivo Lavastoviglie ha consumato 0.000000 kWh
 - il dispositivo Lavatrice ha consumato 0.000000 kWh
 - il dispositivo Pompa_di_calore_+_termostato ha consumato 9.333333 kWh
 - il dispositivo Scaldabagno ha consumato 0.000000 kWh
 - il dispositivo Tapparelle_elettriche ha consumato 0.000000 kWh
 - il dispositivo Televisore ha consumato 0.000000 kWh

[6:00] L'orario attuale è 6:00
[6:00] Impostato un timer per il dispositivo Televisore dalle 10:00 alle 11:00

[6:00] L'orario attuale è 6:00
[7:20] Il dispositivo Pompa_di_calore_+_termostato si è spento
[10:00] Il dispositivo Televisore si è acceso
[11:00] Il dispositivo Televisore si è spento
[12:00] Il dispositivo Impianto_fotovoltaico si è spento

[12:00] L'orario attuale è 12:00
[12:00] Impostato un timer per il dispositivo Lavatrice dalle 12:30 alle 14:20

[12:00] L'orario attuale è 12:00
[12:00] Impostato un timer per il dispositivo Lavastoviglie dalle 12:31 alle 15:46

[12:00] L'orario attuale è 12:00
[12:00] Impostato un timer per il dispositivo Televisore dalle 12:32 alle 13:32

[12:00] L'orario attuale è 12:00
[12:30] Il dispositivo Lavatrice si è acceso
[12:31] Il dispositivo Lavastoviglie si è acceso
[12:32] Il dispositivo Televisore non si è acceso perché si supererebbe la potenza massima asorbibile dalla rete

[13:00] L'orario attuale è 13:00
[13:00] Il dispositivo Televisore non si è acceso perché si supererebbe la potenza massima asorbibile dalla rete

[13:00] L'orario attuale è 13:00
[13:32] Il dispositivo Televisore si è spento
[14:20] Il dispositivo Lavatrice si è spento

[14:30] L'orario attuale è 14:30
[14:30] Attualmente il sistema ha prodotto 9.000000 kWh e consumato 18.841667 kWh. Nello specifico:
 - il dispositivo Asciugatrice ha consumato 0.000000 kWh
 - il dispositivo Forno_a_microonde ha consumato 0.000000 kWh
 - il dispositivo Frigorifero ha consumato 0.000000 kWh
 - il dispositivo Impianto_fotovoltaico ha prodotto 9.000000 kWh
 - il dispositivo Lavastoviglie ha consumato 2.975000 kWh
 - il dispositivo Lavatrice ha consumato 3.666667 kWh
 - il dispositivo Pompa_di_calore_+_termostato ha consumato 12.000000 kWh
 - il dispositivo Scaldabagno ha consumato 0.000000 kWh
 - il dispositivo Tapparelle_elettriche ha consumato 0.000000 kWh
 - il dispositivo Televisore ha consumato 0.200000 kWh

